[debug] [2020-03-26T20:24:10.828Z] ----------------------------------------------------------------------
[debug] [2020-03-26T20:24:10.830Z] Command:       C:\Program Files\nodejs\node.exe C:\Program Files\nodejs\node_modules\firebase-tools\lib\bin\firebase.js serve
[debug] [2020-03-26T20:24:10.830Z] CLI Version:   7.8.1
[debug] [2020-03-26T20:24:10.830Z] Platform:      win32
[debug] [2020-03-26T20:24:10.830Z] Node Version:  v11.0.0
[debug] [2020-03-26T20:24:10.831Z] Time:          Thu Mar 26 2020 15:24:10 GMT-0500 (Central Daylight Time)
[debug] [2020-03-26T20:24:10.831Z] ----------------------------------------------------------------------
[debug] [2020-03-26T20:24:10.831Z] 
[debug] [2020-03-26T20:24:10.838Z] > command requires scopes: ["email","openid","https://www.googleapis.com/auth/cloudplatformprojects.readonly","https://www.googleapis.com/auth/firebase","https://www.googleapis.com/auth/cloud-platform"]
[debug] [2020-03-26T20:24:10.839Z] > authorizing via signed-in user
[debug] [2020-03-26T20:24:10.839Z] [iam] checking project sps-team13-project for permissions ["firebase.projects.get"]
[debug] [2020-03-26T20:24:10.840Z] >>> HTTP REQUEST POST https://cloudresourcemanager.googleapis.com/v1/projects/sps-team13-project:testIamPermissions  

[debug] [2020-03-26T20:24:11.259Z] <<< HTTP RESPONSE 200
[debug] [2020-03-26T20:24:11.261Z] >>> HTTP REQUEST GET https://firebase.googleapis.com/v1beta1/projects/sps-team13-project  
 
[debug] [2020-03-26T20:24:11.716Z] <<< HTTP RESPONSE 200
[info] 
[info] === Serving from 'C:\Users\Farid\Desktop\sps'...
[info] 
[debug] [2020-03-26T20:24:11.728Z] >>> HTTP REQUEST GET https://firebase.googleapis.com/v1beta1/projects/sps-team13-project/webApps/-/config  
 
[debug] [2020-03-26T20:24:12.339Z] <<< HTTP RESPONSE 200
[info] i  hosting: Serving hosting files from: static
[info] +  hosting: Local server: http://localhost:5000
[info] +  functions: Using node@11 from host.
[info] +  functions: Emulator started at http://localhost:5001
[info] i  functions: Watching "C:\Users\Farid\Desktop\sps\functions" for Cloud Functions...
[debug] [2020-03-26T20:24:14.270Z] [worker-~diagnostic~-6598b276-3871-40e5-a788-479cdca8acf7]: Assigning socketPath: \\?\pipe\C:\Users\Farid\Desktop\sps\functions\66612
[debug] [2020-03-26T20:24:14.270Z] [worker-~diagnostic~-6598b276-3871-40e5-a788-479cdca8acf7]: BUSY
[debug] [2020-03-26T20:24:14.676Z] [runtime-status] [66612] Functions runtime initialized. {"cwd":"C:\\Users\\Farid\\Desktop\\sps\\functions","node_version":"11.0.0"}
[debug] [2020-03-26T20:24:14.677Z] [runtime-status] [66612] Disabled runtime features: {"functions_config_helper":true,"network_filtering":true,"timeout":true,"memory_limiting":true,"admin_stubs":true,"pubsub_emulator":true}
[debug] [2020-03-26T20:24:14.680Z] [runtime-status] [66612] Resolved module firebase-admin {"declared":true,"installed":true,"version":"7.4.0","resolution":"C:\\Users\\Farid\\Desktop\\sps\\functions\\node_modules\\firebase-admin\\lib\\index.js"}
[warn] !  The Cloud Functions emulator requires the module "firebase-admin" to be version >8.0.0.0.0 so your version is too old. You can probably fix this by running "npm install firebase-admin@latest" in your functions directory.
[info] i  functions: Your functions could not be parsed due to an issue with your node_modules (see above)
[debug] [2020-03-26T20:24:14.699Z] [worker-~diagnostic~-6598b276-3871-40e5-a788-479cdca8acf7]: exited
[debug] [2020-03-26T20:24:14.699Z] [worker-~diagnostic~-6598b276-3871-40e5-a788-479cdca8acf7]: FINISHED
[info] [hosting] Rewriting /favicon.ico to http://localhost:5001/sps-team13-project/us-central1/ssr for local Function ssr
[debug] [2020-03-26T20:24:24.147Z] Accepted request GET /sps-team13-project/us-central1/ssr/favicon.ico --> ssr
[debug] [2020-03-26T20:24:24.153Z] [worker-ssr-504a5570-d97a-4f3f-b689-9837cb8924f2]: Assigning socketPath: \\?\pipe\C:\Users\Farid\Desktop\sps\functions\71912
[debug] [2020-03-26T20:24:24.153Z] [worker-ssr-504a5570-d97a-4f3f-b689-9837cb8924f2]: BUSY
[debug] [2020-03-26T20:24:24.545Z] [runtime-status] [71912] Functions runtime initialized. {"cwd":"C:\\Users\\Farid\\Desktop\\sps\\functions","node_version":"11.0.0"}
[debug] [2020-03-26T20:24:24.547Z] [runtime-status] [71912] Disabled runtime features: {"functions_config_helper":true,"network_filtering":true,"timeout":true,"memory_limiting":true,"admin_stubs":true,"pubsub_emulator":true}
[debug] [2020-03-26T20:24:24.549Z] [runtime-status] [71912] Resolved module firebase-admin {"declared":true,"installed":true,"version":"7.4.0","resolution":"C:\\Users\\Farid\\Desktop\\sps\\functions\\node_modules\\firebase-admin\\lib\\index.js"}
[warn] !  The Cloud Functions emulator requires the module "firebase-admin" to be version >8.0.0.0.0 so your version is too old. You can probably fix this by running "npm install firebase-admin@latest" in your functions directory.
[info] i  functions: Your functions could not be parsed due to an issue with your node_modules (see above)
[debug] [2020-03-26T20:24:24.569Z] [worker-ssr-504a5570-d97a-4f3f-b689-9837cb8924f2]: exited
[debug] [2020-03-26T20:24:24.569Z] [worker-ssr-504a5570-d97a-4f3f-b689-9837cb8924f2]: FINISHED
